<?xml version="1.0" encoding="UTF-8"?>
<!-- Generated by org.testng.reporters.JUnitReportReporter -->
<testsuite hostname="MSI" failures="0" tests="1" name="com.actitime.testscript.checkTestNG" time="0.032" errors="0" timestamp="2023-07-20T13:29:05 IST" skipped="0">
  <testcase classname="com.actitime.testscript.checkTestNG" name="test" time="0.032">
    <system-out>
      <![CDATA[hi]]>
    </system-out>
  </testcase> <!-- test -->
  <system-out>
    <![CDATA[hi]]>
  </system-out>
</testsuite> <!-- com.actitime.testscript.checkTestNG -->
